#
# A fatal error has been detected by the Java Runtime Environment:
#
#  EXCEPTION_ACCESS_VIOLATION (0xc0000005) at pc=0x00000000538d8ad5, pid=12900, tid=14864
#
# JRE version: Java(TM) SE Runtime Environment (8.0_73-b02) (build 1.8.0_73-b02)
# Java VM: Java HotSpot(TM) 64-Bit Server VM (25.73-b02 mixed mode windows-amd64 compressed oops)
# Problematic frame:
# V  [jvm.dll+0x128ad5]
#
# Failed to write core dump. Minidumps are not enabled by default on client versions of Windows
#
# If you would like to submit a bug report, please visit:
#   http://bugreport.java.com/bugreport/crash.jsp
#

---------------  T H R E A D  ---------------

Current thread (0x0000000017cb0800):  JavaThread "JDWP Transport Listener: dt_socket" daemon [_thread_in_vm, id=14864, stack(0x00000000196c0000,0x00000000197c0000)]

siginfo: ExceptionCode=0xc0000005, reading address 0xffffffffffffffff

Registers:
RAX=0x00000000197bf601, RBX=0x0000000017cb0800, RCX=0x74752f7974697275, RDX=0x0000000000000000
RSP=0x00000000197bf680, RBP=0x74752f7974697275, RSI=0x00000000197bf798, RDI=0x000000000311a560
R8 =0x0000000017cb0800, R9 =0x0000000000008000, R10=0x0000000000000000, R11=0x00000000197bf8d1
R12=0x0000000000000000, R13=0x0000000017cae7a8, R14=0x0000000000000000, R15=0x0000000000000000
RIP=0x00000000538d8ad5, EFLAGS=0x0000000000010202

Top of Stack: (sp=0x00000000197bf680)
0x00000000197bf680:   0000000017cb0800 0000000017cb0800
0x00000000197bf690:   00000000197bf748 0000000053ade34b
0x00000000197bf6a0:   0000000017cb0800 0000000053afabad
0x00000000197bf6b0:   0000000000000000 0000000053499155
0x00000000197bf6c0:   000000001a852a50 00000000534a291e
0x00000000197bf6d0:   0000000017cb0800 0000000000000000
0x00000000197bf6e0:   0000000000000000 0000000000000000
0x00000000197bf6f0:   74752f7974697275 00000000534a1a15
0x00000000197bf700:   00000000197bf798 00000000197bf770
0x00000000197bf710:   0000000000000001 000000001a852a50
0x00000000197bf720:   74752f7974697275 00000000534853b3
0x00000000197bf730:   00000000197bf860 0000000000000001
0x00000000197bf740:   0000000000000001 000000001a852a50
0x00000000197bf750:   0000000000000001 0000000000000000
0x00000000197bf760:   0000000000000000 0000000000000000
0x00000000197bf770:   0000000000000001 0000000053485571 

Instructions: (pc=0x00000000538d8ad5)
0x00000000538d8ab5:   cc cc cc cc cc cc cc cc cc cc cc 48 83 ec 28 48
0x00000000538d8ac5:   85 c9 75 07 33 c0 48 83 c4 28 c3 48 89 5c 24 20
0x00000000538d8ad5:   48 8b 19 48 85 db 74 20 48 83 fb 37 74 1a 48 8b
0x00000000538d8ae5:   13 48 8b cb ff 52 10 84 c0 74 0d 48 8b c3 48 8b 


Register to memory mapping:

RAX=0x00000000197bf601 is pointing into the stack for thread: 0x0000000017cb0800
RBX=0x0000000017cb0800 is a thread
RCX=0x74752f7974697275 is an unknown value
RDX=0x0000000000000000 is an unknown value
RSP=0x00000000197bf680 is pointing into the stack for thread: 0x0000000017cb0800
RBP=0x74752f7974697275 is an unknown value
RSI=0x00000000197bf798 is pointing into the stack for thread: 0x0000000017cb0800
RDI=0x000000000311a560 is an unknown value
R8 =0x0000000017cb0800 is a thread
R9 =0x0000000000008000 is an unknown value
R10=0x0000000000000000 is an unknown value
R11=0x00000000197bf8d1 is pointing into the stack for thread: 0x0000000017cb0800
R12=0x0000000000000000 is an unknown value
R13=0x0000000017cae7a8 is an unknown value
R14=0x0000000000000000 is an unknown value
R15=0x0000000000000000 is an unknown value


Stack: [0x00000000196c0000,0x00000000197c0000],  sp=0x00000000197bf680,  free space=1021k
Native frames: (J=compiled Java code, j=interpreted, Vv=VM code, C=native code)
V  [jvm.dll+0x128ad5]
V  [jvm.dll+0x34abad]
C  [jdwp.dll+0x21a15]
C  [jdwp.dll+0x53b3]
C  [jdwp.dll+0x5571]
C  [jdwp.dll+0xf0a8]
C  [jdwp.dll+0x1f2d5]
C  [jdwp.dll+0x1f4aa]
V  [jvm.dll+0x1bbb58]
V  [jvm.dll+0x243234]
V  [jvm.dll+0x29a10a]
C  [msvcr100.dll+0x21d9f]
C  [msvcr100.dll+0x21e3b]
C  [KERNEL32.DLL+0x14034]
C  [ntdll.dll+0x73691]


---------------  P R O C E S S  ---------------

Java Threads: ( => current thread )
  0x00000000230f3000 JavaThread "DestroyJavaVM" [_thread_blocked, id=7452, stack(0x0000000003010000,0x0000000003110000)]
  0x00000000230f4000 JavaThread "ThreadPoolTaskExecutor-5" [_thread_blocked, id=16740, stack(0x000000002fa00000,0x000000002fb00000)]
  0x00000000230f7800 JavaThread "ThreadPoolTaskExecutor-4" [_thread_blocked, id=7520, stack(0x000000002f900000,0x000000002fa00000)]
  0x00000000230f5800 JavaThread "ThreadPoolTaskExecutor-3" [_thread_blocked, id=16856, stack(0x000000002f800000,0x000000002f900000)]
  0x00000000230f4800 JavaThread "ThreadPoolTaskExecutor-2" [_thread_blocked, id=896, stack(0x000000002f700000,0x000000002f800000)]
  0x00000000230f7000 JavaThread "ThreadPoolTaskExecutor-1" [_thread_blocked, id=6724, stack(0x000000002f600000,0x000000002f700000)]
  0x00000000230f6000 JavaThread "http-nio-8080-AsyncTimeout" daemon [_thread_blocked, id=15404, stack(0x000000002f240000,0x000000002f340000)]
  0x00000000230f0000 JavaThread "http-nio-8080-Acceptor-0" daemon [_thread_in_native, id=15468, stack(0x000000002f140000,0x000000002f240000)]
  0x00000000230f1800 JavaThread "http-nio-8080-ClientPoller-1" daemon [_thread_in_native, id=15528, stack(0x000000002ee40000,0x000000002ef40000)]
  0x0000000029b56800 JavaThread "http-nio-8080-ClientPoller-0" daemon [_thread_in_native, id=5932, stack(0x000000002ed40000,0x000000002ee40000)]
  0x0000000029b55800 JavaThread "http-nio-8080-exec-30" daemon [_thread_blocked, id=15796, stack(0x000000002ec40000,0x000000002ed40000)]
  0x0000000029b55000 JavaThread "http-nio-8080-exec-29" daemon [_thread_blocked, id=8476, stack(0x000000002eb40000,0x000000002ec40000)]
  0x0000000029b4d800 JavaThread "http-nio-8080-exec-28" daemon [_thread_blocked, id=6192, stack(0x000000002ea40000,0x000000002eb40000)]
  0x0000000029b54000 JavaThread "http-nio-8080-exec-27" daemon [_thread_blocked, id=236, stack(0x000000002e940000,0x000000002ea40000)]
  0x0000000029b53800 JavaThread "http-nio-8080-exec-26" daemon [_thread_blocked, id=14604, stack(0x000000002e840000,0x000000002e940000)]
  0x0000000029b52800 JavaThread "http-nio-8080-exec-25" daemon [_thread_blocked, id=14720, stack(0x000000002e740000,0x000000002e840000)]
  0x0000000029b52000 JavaThread "http-nio-8080-exec-24" daemon [_thread_blocked, id=7572, stack(0x000000002e640000,0x000000002e740000)]
  0x0000000029b4a800 JavaThread "http-nio-8080-exec-23" daemon [_thread_blocked, id=16512, stack(0x000000002e540000,0x000000002e640000)]
  0x0000000029b51000 JavaThread "http-nio-8080-exec-22" daemon [_thread_blocked, id=3376, stack(0x000000002e440000,0x000000002e540000)]
  0x0000000029b4f000 JavaThread "http-nio-8080-exec-21" daemon [_thread_blocked, id=14124, stack(0x000000002e340000,0x000000002e440000)]
  0x0000000029b49800 JavaThread "http-nio-8080-exec-20" daemon [_thread_blocked, id=15584, stack(0x000000002e240000,0x000000002e340000)]
  0x0000000029b50800 JavaThread "http-nio-8080-exec-19" daemon [_thread_blocked, id=16792, stack(0x000000002e140000,0x000000002e240000)]
  0x0000000029b4f800 JavaThread "http-nio-8080-exec-18" daemon [_thread_blocked, id=10104, stack(0x000000002e040000,0x000000002e140000)]
  0x0000000029b4c800 JavaThread "http-nio-8080-exec-17" daemon [_thread_blocked, id=9320, stack(0x000000002df40000,0x000000002e040000)]
  0x0000000029b48000 JavaThread "http-nio-8080-exec-16" daemon [_thread_blocked, id=11076, stack(0x000000002de40000,0x000000002df40000)]
  0x0000000029b47000 JavaThread "http-nio-8080-exec-15" daemon [_thread_blocked, id=16696, stack(0x000000002dd40000,0x000000002de40000)]
  0x0000000029b48800 JavaThread "http-nio-8080-exec-14" daemon [_thread_blocked, id=2848, stack(0x000000002dc40000,0x000000002dd40000)]
  0x0000000029b4c000 JavaThread "http-nio-8080-exec-13" daemon [_thread_blocked, id=13440, stack(0x000000002db40000,0x000000002dc40000)]
  0x0000000029b4e000 JavaThread "http-nio-8080-exec-12" daemon [_thread_blocked, id=14220, stack(0x000000002da40000,0x000000002db40000)]
  0x0000000029b4b000 JavaThread "http-nio-8080-exec-11" daemon [_thread_blocked, id=17020, stack(0x000000002d940000,0x000000002da40000)]
  0x000000001acb6800 JavaThread "http-nio-8080-exec-10" daemon [_thread_blocked, id=11588, stack(0x000000002d840000,0x000000002d940000)]
  0x000000001acb4000 JavaThread "http-nio-8080-exec-9" daemon [_thread_blocked, id=10176, stack(0x000000002d740000,0x000000002d840000)]
  0x000000001d937000 JavaThread "http-nio-8080-exec-8" daemon [_thread_blocked, id=17192, stack(0x000000002d640000,0x000000002d740000)]
  0x000000001d936800 JavaThread "http-nio-8080-exec-7" daemon [_thread_blocked, id=9052, stack(0x000000002d540000,0x000000002d640000)]
  0x000000001d935800 JavaThread "http-nio-8080-exec-6" daemon [_thread_blocked, id=17376, stack(0x000000002d440000,0x000000002d540000)]
  0x000000001d935000 JavaThread "http-nio-8080-exec-5" daemon [_thread_blocked, id=2748, stack(0x000000002d340000,0x000000002d440000)]
  0x000000001d934000 JavaThread "http-nio-8080-exec-4" daemon [_thread_blocked, id=14100, stack(0x000000002d240000,0x000000002d340000)]
  0x000000001d933800 JavaThread "http-nio-8080-exec-3" daemon [_thread_blocked, id=16968, stack(0x000000002d140000,0x000000002d240000)]
  0x000000001d92c000 JavaThread "http-nio-8080-exec-2" daemon [_thread_blocked, id=3372, stack(0x000000002d040000,0x000000002d140000)]
  0x000000001d932800 JavaThread "http-nio-8080-exec-1" daemon [_thread_blocked, id=16024, stack(0x000000002cf40000,0x000000002d040000)]
  0x000000001d932000 JavaThread "NioBlockingSelector.BlockPoller-1" daemon [_thread_in_native, id=11640, stack(0x000000002c4d0000,0x000000002c5d0000)]
  0x000000001d92c800 JavaThread "pool-2-thread-1" [_thread_blocked, id=10136, stack(0x000000002bfb0000,0x000000002c0b0000)]
  0x000000001d931000 JavaThread "spring.cloud.inetutils" daemon [_thread_blocked, id=13788, stack(0x000000002bce0000,0x000000002bde0000)]
  0x000000001d930800 JavaThread "Live Reload Server" daemon [_thread_in_native, id=10512, stack(0x000000002bbe0000,0x000000002bce0000)]
  0x000000001d929000 JavaThread "File Watcher" daemon [_thread_in_native, id=14444, stack(0x000000002b520000,0x000000002b620000)]
  0x000000001d929800 JavaThread "HikariPool-1 housekeeper" daemon [_thread_blocked, id=14780, stack(0x00000000281d0000,0x00000000282d0000)]
  0x000000001acaf800 JavaThread "container-0" [_thread_blocked, id=13272, stack(0x0000000027fd0000,0x00000000280d0000)]
  0x000000001acb5800 JavaThread "ContainerBackgroundProcessor[StandardEngine[Tomcat]]" daemon [_thread_blocked, id=12660, stack(0x0000000027ed0000,0x0000000027fd0000)]
  0x000000001acb2000 JavaThread "SimplePauseDetectorThread_0" daemon [_thread_blocked, id=17368, stack(0x0000000027ad0000,0x0000000027bd0000)]
  0x000000001acb0800 JavaThread "Thread-7" daemon [_thread_blocked, id=2600, stack(0x00000000279d0000,0x0000000027ad0000)]
  0x000000001acb1000 JavaThread "Abandoned connection cleanup thread" daemon [_thread_blocked, id=1096, stack(0x00000000276a0000,0x00000000277a0000)]
  0x000000001eccb000 JavaThread "logback-1" daemon [_thread_blocked, id=16788, stack(0x0000000021660000,0x0000000021760000)]
  0x0000000019f41000 JavaThread "Service Thread" daemon [_thread_blocked, id=6120, stack(0x000000001a4c0000,0x000000001a5c0000)]
  0x0000000019ffb000 JavaThread "C1 CompilerThread2" daemon [_thread_blocked, id=14724, stack(0x000000001a3c0000,0x000000001a4c0000)]
  0x0000000019f32000 JavaThread "C2 CompilerThread1" daemon [_thread_blocked, id=4216, stack(0x000000001a2c0000,0x000000001a3c0000)]
  0x0000000019ff2800 JavaThread "C2 CompilerThread0" daemon [_thread_blocked, id=10316, stack(0x000000001a1c0000,0x000000001a2c0000)]
  0x0000000017cc2800 JavaThread "JDWP Command Reader" daemon [_thread_in_native, id=1240, stack(0x00000000198c0000,0x00000000199c0000)]
  0x0000000017cbc000 JavaThread "JDWP Event Helper Thread" daemon [_thread_blocked, id=16396, stack(0x00000000197c0000,0x00000000198c0000)]
=>0x0000000017cb0800 JavaThread "JDWP Transport Listener: dt_socket" daemon [_thread_in_vm, id=14864, stack(0x00000000196c0000,0x00000000197c0000)]
  0x0000000017c98800 JavaThread "Attach Listener" daemon [_thread_blocked, id=10348, stack(0x00000000195c0000,0x00000000196c0000)]
  0x0000000019103800 JavaThread "Signal Dispatcher" daemon [_thread_blocked, id=6344, stack(0x00000000194c0000,0x00000000195c0000)]
  0x000000000320b800 JavaThread "Finalizer" daemon [_thread_blocked, id=15520, stack(0x0000000018ed0000,0x0000000018fd0000)]
  0x0000000017c49000 JavaThread "Reference Handler" daemon [_thread_blocked, id=13768, stack(0x0000000018dd0000,0x0000000018ed0000)]

Other Threads:
  0x0000000017c47800 VMThread [stack: 0x0000000018cd0000,0x0000000018dd0000] [id=17116]
  0x0000000019f56000 WatcherThread [stack: 0x000000001a5c0000,0x000000001a6c0000] [id=14252]

VM state:not at safepoint (normal execution)

VM Mutex/Monitor currently owned by a thread: None

Heap:
 PSYoungGen      total 425472K, used 154673K [0x00000000d6f00000, 0x00000000fa980000, 0x0000000100000000)
  eden space 413696K, 34% used [0x00000000d6f00000,0x00000000dfacc6f8,0x00000000f0300000)
  from space 11776K, 97% used [0x00000000f9e00000,0x00000000fa940030,0x00000000fa980000)
  to   space 17920K, 0% used [0x00000000f8680000,0x00000000f8680000,0x00000000f9800000)
 ParOldGen       total 133120K, used 62462K [0x0000000084c00000, 0x000000008ce00000, 0x00000000d6f00000)
  object space 133120K, 46% used [0x0000000084c00000,0x00000000888ffae8,0x000000008ce00000)
 Metaspace       used 66860K, capacity 69882K, committed 70144K, reserved 1110016K
  class space    used 8815K, capacity 9360K, committed 9472K, reserved 1048576K

Card table byte_map: [0x00000000126e0000,0x0000000012ac0000] byte_map_base: 0x00000000122ba000

Marking Bits: (ParMarkBitMap*) 0x0000000053fc0600
 Begin Bits: [0x0000000013160000, 0x0000000015030000)
 End Bits:   [0x0000000015030000, 0x0000000016f00000)

Polling page: 0x0000000001220000

CodeCache: size=245760Kb used=27616Kb max_used=27792Kb free=218143Kb
 bounds [0x0000000003320000, 0x0000000004e80000, 0x0000000012320000]
 total_blobs=7320 nmethods=6762 adapters=478
 compilation: enabled

Compilation events (10 events):
Event: 1240.946 Thread 0x0000000019ff2800 8824       4       org.springframework.util.ReflectionUtils::makeAccessible (36 bytes)
Event: 1240.950 Thread 0x0000000019ff2800 nmethod 8824 0x00000000036b7050 code [0x00000000036b71a0, 0x00000000036b72b8]
Event: 1283.730 Thread 0x0000000019ffb000 8825       3       sun.management.LazyCompositeData::<init> (5 bytes)
Event: 1283.730 Thread 0x0000000019ffb000 nmethod 8825 0x0000000003b4b5d0 code [0x0000000003b4b720, 0x0000000003b4b8d0]
Event: 1283.730 Thread 0x0000000019ffb000 8826       3       java.lang.management.MemoryUsage::getUsed (5 bytes)
Event: 1283.730 Thread 0x0000000019ffb000 nmethod 8826 0x0000000003fc5390 code [0x0000000003fc54e0, 0x0000000003fc5630]
Event: 1306.549 Thread 0x0000000019ffb000 8827   !   3       org.apache.catalina.core.ContainerBase::getRealmInternal (38 bytes)
Event: 1306.550 Thread 0x0000000019ffb000 nmethod 8827 0x0000000004b8b690 code [0x0000000004b8b8a0, 0x0000000004b8c2f8]
Event: 1306.550 Thread 0x0000000019ffb000 8828   !   3       org.apache.catalina.core.ContainerBase::getClusterInternal (38 bytes)
Event: 1306.551 Thread 0x0000000019ffb000 nmethod 8828 0x000000000476ca10 code [0x000000000476cc20, 0x000000000476d678]

GC Heap History (10 events):
Event: 908.359 GC heap before
{Heap before GC invocations=27 (full 3):
 PSYoungGen      total 527872K, used 527584K [0x00000000d6f00000, 0x00000000fd280000, 0x0000000100000000)
  eden space 516096K, 100% used [0x00000000d6f00000,0x00000000f6700000,0x00000000f6700000)
  from space 11776K, 97% used [0x00000000fb080000,0x00000000fbbb8030,0x00000000fbc00000)
  to   space 20992K, 0% used [0x00000000fbe00000,0x00000000fbe00000,0x00000000fd280000)
 ParOldGen       total 133120K, used 62454K [0x0000000084c00000, 0x000000008ce00000, 0x00000000d6f00000)
  object space 133120K, 46% used [0x0000000084c00000,0x00000000888fdae8,0x000000008ce00000)
 Metaspace       used 66835K, capacity 69882K, committed 70144K, reserved 1110016K
  class space    used 8815K, capacity 9360K, committed 9472K, reserved 1048576K
Event: 908.384 GC heap after
Heap after GC invocations=27 (full 3):
 PSYoungGen      total 505344K, used 11552K [0x00000000d6f00000, 0x00000000fc980000, 0x0000000100000000)
  eden space 493568K, 0% used [0x00000000d6f00000,0x00000000d6f00000,0x00000000f5100000)
  from space 11776K, 98% used [0x00000000fbe00000,0x00000000fc948030,0x00000000fc980000)
  to   space 20480K, 0% used [0x00000000fa180000,0x00000000fa180000,0x00000000fb580000)
 ParOldGen       total 133120K, used 62462K [0x0000000084c00000, 0x000000008ce00000, 0x00000000d6f00000)
  object space 133120K, 46% used [0x0000000084c00000,0x00000000888ffae8,0x000000008ce00000)
 Metaspace       used 66835K, capacity 69882K, committed 70144K, reserved 1110016K
  class space    used 8815K, capacity 9360K, committed 9472K, reserved 1048576K
}
Event: 1006.896 GC heap before
{Heap before GC invocations=28 (full 3):
 PSYoungGen      total 505344K, used 505120K [0x00000000d6f00000, 0x00000000fc980000, 0x0000000100000000)
  eden space 493568K, 100% used [0x00000000d6f00000,0x00000000f5100000,0x00000000f5100000)
  from space 11776K, 98% used [0x00000000fbe00000,0x00000000fc948030,0x00000000fc980000)
  to   space 20480K, 0% used [0x00000000fa180000,0x00000000fa180000,0x00000000fb580000)
 ParOldGen       total 133120K, used 62462K [0x0000000084c00000, 0x000000008ce00000, 0x00000000d6f00000)
  object space 133120K, 46% used [0x0000000084c00000,0x00000000888ffae8,0x000000008ce00000)
 Metaspace       used 66835K, capacity 69882K, committed 70144K, reserved 1110016K
  class space    used 8815K, capacity 9360K, committed 9472K, reserved 1048576K
Event: 1006.930 GC heap after
Heap after GC invocations=28 (full 3):
 PSYoungGen      total 483840K, used 11488K [0x00000000d6f00000, 0x00000000fbe80000, 0x0000000100000000)
  eden space 472064K, 0% used [0x00000000d6f00000,0x00000000d6f00000,0x00000000f3c00000)
  from space 11776K, 97% used [0x00000000fa180000,0x00000000facb8030,0x00000000fad00000)
  to   space 17920K, 0% used [0x00000000fad00000,0x00000000fad00000,0x00000000fbe80000)
 ParOldGen       total 133120K, used 62462K [0x0000000084c00000, 0x000000008ce00000, 0x00000000d6f00000)
  object space 133120K, 46% used [0x0000000084c00000,0x00000000888ffae8,0x000000008ce00000)
 Metaspace       used 66835K, capacity 69882K, committed 70144K, reserved 1110016K
  class space    used 8815K, capacity 9360K, committed 9472K, reserved 1048576K
}
Event: 1105.802 GC heap before
{Heap before GC invocations=29 (full 3):
 PSYoungGen      total 483840K, used 483552K [0x00000000d6f00000, 0x00000000fbe80000, 0x0000000100000000)
  eden space 472064K, 100% used [0x00000000d6f00000,0x00000000f3c00000,0x00000000f3c00000)
  from space 11776K, 97% used [0x00000000fa180000,0x00000000facb8030,0x00000000fad00000)
  to   space 17920K, 0% used [0x00000000fad00000,0x00000000fad00000,0x00000000fbe80000)
 ParOldGen       total 133120K, used 62462K [0x0000000084c00000, 0x000000008ce00000, 0x00000000d6f00000)
  object space 133120K, 46% used [0x0000000084c00000,0x00000000888ffae8,0x000000008ce00000)
 Metaspace       used 66835K, capacity 69882K, committed 70144K, reserved 1110016K
  class space    used 8815K, capacity 9360K, committed 9472K, reserved 1048576K
Event: 1105.814 GC heap after
Heap after GC invocations=29 (full 3):
 PSYoungGen      total 462848K, used 11056K [0x00000000d6f00000, 0x00000000fb800000, 0x0000000100000000)
  eden space 451584K, 0% used [0x00000000d6f00000,0x00000000d6f00000,0x00000000f2800000)
  from space 11264K, 98% used [0x00000000fad00000,0x00000000fb7cc030,0x00000000fb800000)
  to   space 18944K, 0% used [0x00000000f9300000,0x00000000f9300000,0x00000000fa580000)
 ParOldGen       total 133120K, used 62462K [0x0000000084c00000, 0x000000008ce00000, 0x00000000d6f00000)
  object space 133120K, 46% used [0x0000000084c00000,0x00000000888ffae8,0x000000008ce00000)
 Metaspace       used 66835K, capacity 69882K, committed 70144K, reserved 1110016K
  class space    used 8815K, capacity 9360K, committed 9472K, reserved 1048576K
}
Event: 1196.946 GC heap before
{Heap before GC invocations=30 (full 3):
 PSYoungGen      total 462848K, used 462640K [0x00000000d6f00000, 0x00000000fb800000, 0x0000000100000000)
  eden space 451584K, 100% used [0x00000000d6f00000,0x00000000f2800000,0x00000000f2800000)
  from space 11264K, 98% used [0x00000000fad00000,0x00000000fb7cc030,0x00000000fb800000)
  to   space 18944K, 0% used [0x00000000f9300000,0x00000000f9300000,0x00000000fa580000)
 ParOldGen       total 133120K, used 62462K [0x0000000084c00000, 0x000000008ce00000, 0x00000000d6f00000)
  object space 133120K, 46% used [0x0000000084c00000,0x00000000888ffae8,0x000000008ce00000)
 Metaspace       used 66835K, capacity 69882K, committed 70144K, reserved 1110016K
  class space    used 8815K, capacity 9360K, committed 9472K, reserved 1048576K
Event: 1196.959 GC heap after
Heap after GC invocations=30 (full 3):
 PSYoungGen      total 443392K, used 10864K [0x00000000d6f00000, 0x00000000fad80000, 0x0000000100000000)
  eden space 432128K, 0% used [0x00000000d6f00000,0x00000000d6f00000,0x00000000f1500000)
  from space 11264K, 96% used [0x00000000f9300000,0x00000000f9d9c030,0x00000000f9e00000)
  to   space 15872K, 0% used [0x00000000f9e00000,0x00000000f9e00000,0x00000000fad80000)
 ParOldGen       total 133120K, used 62462K [0x0000000084c00000, 0x000000008ce00000, 0x00000000d6f00000)
  object space 133120K, 46% used [0x0000000084c00000,0x00000000888ffae8,0x000000008ce00000)
 Metaspace       used 66835K, capacity 69882K, committed 70144K, reserved 1110016K
  class space    used 8815K, capacity 9360K, committed 9472K, reserved 1048576K
}
Event: 1283.711 GC heap before
{Heap before GC invocations=31 (full 3):
 PSYoungGen      total 443392K, used 442992K [0x00000000d6f00000, 0x00000000fad80000, 0x0000000100000000)
  eden space 432128K, 100% used [0x00000000d6f00000,0x00000000f1500000,0x00000000f1500000)
  from space 11264K, 96% used [0x00000000f9300000,0x00000000f9d9c030,0x00000000f9e00000)
  to   space 15872K, 0% used [0x00000000f9e00000,0x00000000f9e00000,0x00000000fad80000)
 ParOldGen       total 133120K, used 62462K [0x0000000084c00000, 0x000000008ce00000, 0x00000000d6f00000)
  object space 133120K, 46% used [0x0000000084c00000,0x00000000888ffae8,0x000000008ce00000)
 Metaspace       used 66839K, capacity 69882K, committed 70144K, reserved 1110016K
  class space    used 8815K, capacity 9360K, committed 9472K, reserved 1048576K
Event: 1283.729 GC heap after
Heap after GC invocations=31 (full 3):
 PSYoungGen      total 425472K, used 11520K [0x00000000d6f00000, 0x00000000fa980000, 0x0000000100000000)
  eden space 413696K, 0% used [0x00000000d6f00000,0x00000000d6f00000,0x00000000f0300000)
  from space 11776K, 97% used [0x00000000f9e00000,0x00000000fa940030,0x00000000fa980000)
  to   space 17920K, 0% used [0x00000000f8680000,0x00000000f8680000,0x00000000f9800000)
 ParOldGen       total 133120K, used 62462K [0x0000000084c00000, 0x000000008ce00000, 0x00000000d6f00000)
  object space 133120K, 46% used [0x0000000084c00000,0x00000000888ffae8,0x000000008ce00000)
 Metaspace       used 66839K, capacity 69882K, committed 70144K, reserved 1110016K
  class space    used 8815K, capacity 9360K, committed 9472K, reserved 1048576K
}

Deoptimization events (10 events):
Event: 133.573 Thread 0x000000001a1bc000 Uncommon trap: reason=unhandled action=none pc=0x0000000004e117bc method=com.mysql.jdbc.ResultSetImpl.findColumn(Ljava/lang/String;)I @ 241
Event: 133.573 Thread 0x000000001a1bc000 Uncommon trap: reason=unhandled action=none pc=0x0000000004e117bc method=com.mysql.jdbc.ResultSetImpl.findColumn(Ljava/lang/String;)I @ 241
Event: 133.573 Thread 0x000000001a1bc000 Uncommon trap: reason=unhandled action=none pc=0x0000000004e117bc method=com.mysql.jdbc.ResultSetImpl.findColumn(Ljava/lang/String;)I @ 241
Event: 133.574 Thread 0x000000001a1bc000 Uncommon trap: reason=unhandled action=none pc=0x0000000004e117bc method=com.mysql.jdbc.ResultSetImpl.findColumn(Ljava/lang/String;)I @ 241
Event: 133.574 Thread 0x000000001a1bc000 Uncommon trap: reason=unhandled action=none pc=0x0000000004e117bc method=com.mysql.jdbc.ResultSetImpl.findColumn(Ljava/lang/String;)I @ 241
Event: 133.634 Thread 0x000000001a1bb800 Uncommon trap: reason=unhandled action=none pc=0x0000000003458f14 method=java.net.URLClassLoader.findClass(Ljava/lang/String;)Ljava/lang/Class; @ 44
Event: 133.636 Thread 0x000000001a1bb800 Uncommon trap: reason=unhandled action=none pc=0x0000000003458f14 method=java.net.URLClassLoader.findClass(Ljava/lang/String;)Ljava/lang/Class; @ 44
Event: 133.636 Thread 0x000000001a1bb800 Uncommon trap: reason=unhandled action=none pc=0x0000000003458f14 method=java.net.URLClassLoader.findClass(Ljava/lang/String;)Ljava/lang/Class; @ 44
Event: 133.637 Thread 0x000000001a1bb800 Uncommon trap: reason=unhandled action=none pc=0x0000000003458f14 method=java.net.URLClassLoader.findClass(Ljava/lang/String;)Ljava/lang/Class; @ 44
Event: 133.637 Thread 0x000000001a1bb800 Uncommon trap: reason=unhandled action=none pc=0x0000000003458f14 method=java.net.URLClassLoader.findClass(Ljava/lang/String;)Ljava/lang/Class; @ 44

Internal exceptions (10 events):
Event: 99.050 Thread 0x000000001a1bc000 Exception <a 'java/lang/ClassNotFoundException': com/unieap/base/vo/InfConfigNSVOBeanInfo> (0x00000000f123b308) thrown at [D:\re\puppet\workspace\8-2-build-windows-amd64-cygwin\jdk8u73\6086\hotspot\src\share\vm\classfile\systemDictionary.cpp, line 210]
Event: 99.051 Thread 0x000000001a1bc000 Exception <a 'java/lang/ClassNotFoundException': com/unieap/base/vo/InfConfigNSVOCustomizer> (0x00000000f1261bf8) thrown at [D:\re\puppet\workspace\8-2-build-windows-amd64-cygwin\jdk8u73\6086\hotspot\src\share\vm\classfile\systemDictionary.cpp, line 210]
Event: 99.067 Thread 0x000000001a1bc000 Exception <a 'java/lang/ClassNotFoundException': com/unieap/base/vo/BizConfigVOBeanInfo> (0x00000000f1301710) thrown at [D:\re\puppet\workspace\8-2-build-windows-amd64-cygwin\jdk8u73\6086\hotspot\src\share\vm\classfile\systemDictionary.cpp, line 210]
Event: 99.067 Thread 0x000000001a1bc000 Exception <a 'java/lang/ClassNotFoundException': com/unieap/base/vo/BizConfigVOCustomizer> (0x00000000f1327ee8) thrown at [D:\re\puppet\workspace\8-2-build-windows-amd64-cygwin\jdk8u73\6086\hotspot\src\share\vm\classfile\systemDictionary.cpp, line 210]
Event: 99.068 Thread 0x000000001a1bc000 Exception <a 'java/lang/ArrayIndexOutOfBoundsException': 53> (0x00000000f1331cb0) thrown at [D:\re\puppet\workspace\8-2-build-windows-amd64-cygwin\jdk8u73\6086\hotspot\src\share\vm\interpreter\interpreterRuntime.cpp, line 366]
Event: 99.068 Thread 0x000000001a1bc000 Exception <a 'java/lang/ArrayIndexOutOfBoundsException': 52> (0x00000000f1333a30) thrown at [D:\re\puppet\workspace\8-2-build-windows-amd64-cygwin\jdk8u73\6086\hotspot\src\share\vm\interpreter\interpreterRuntime.cpp, line 366]
Event: 99.303 Thread 0x000000001a1bc000 Exception <a 'java/lang/ClassNotFoundException': com/unieap/base/inf/transform/BizFieldVOBeanInfo> (0x00000000f1546a30) thrown at [D:\re\puppet\workspace\8-2-build-windows-amd64-cygwin\jdk8u73\6086\hotspot\src\share\vm\classfile\systemDictionary.cpp, line <sZX@
Event: 99.305 Thread 0x000000001a1bc000 Exception <a 'java/lang/ClassNotFoundException': com/unieap/base/inf/transform/BizFieldVOCustomizer> (0x00000000f1572268) thrown at [D:\re\puppet\workspace\8-2-build-windows-amd64-cygwin\jdk8u73\6086\hotspot\src\share\vm\classfile\systemDictionary.cpp, link
烯X@
Event: 99.305 Thread 0x000000001a1bc000 Exception <a 'java/lang/ArrayIndexOutOfBoundsException': 63> (0x00000000f1581fd8) thrown at [D:\re\puppet\workspace\8-2-build-windows-amd64-cygwin\jdk8u73\6086\hotspot\src\share\vm\interpreter\interpreterRuntime.cpp, line 366]
Event: 99.305 Thread 0x000000001a1bc000 Exception <a 'java/lang/ArrayIndexOutOfBoundsException': 62> (0x00000000f1583e38) thrown at [D:\re\puppet\workspace\8-2-build-windows-amd64-cygwin\jdk8u73\6086\hotspot\src\share\vm\interpreter\interpreterRuntime.cpp, line 366]

Events (10 events):
Event: 1156.548 Thread 0x0000000019ffb000 flushing nmethod 0x00000000049fd490
Event: 1156.548 Thread 0x0000000019ffb000 flushing nmethod 0x0000000004a0f210
Event: 1164.948 Thread 0x0000000019f32000 flushing nmethod 0x0000000004b20890
Event: 1164.948 Thread 0x0000000019f32000 flushing nmethod 0x0000000004b8b690
Event: 1196.946 Executing VM operation: ParallelGCFailedAllocation
Event: 1196.959 Executing VM operation: ParallelGCFailedAllocation done
Event: 1283.711 Executing VM operation: ParallelGCFailedAllocation
Event: 1283.729 Executing VM operation: ParallelGCFailedAllocation done
Event: 1311.899 Executing VM operation: RedefineClasses
Event: 1312.029 Executing VM operation: RedefineClasses done


Dynamic libraries:
0x00007ff794d10000 - 0x00007ff794d47000 	C:\Program Files\Java\jdk1.8.0_73\bin\javaw.exe
0x00007fff2e350000 - 0x00007fff2e531000 	C:\WINDOWS\SYSTEM32\ntdll.dll
0x00007fff2ba10000 - 0x00007fff2bac1000 	C:\WINDOWS\System32\KERNEL32.DLL
0x00007fff2b510000 - 0x00007fff2b783000 	C:\WINDOWS\System32\KERNELBASE.dll
0x00007fff2dfb0000 - 0x00007fff2e051000 	C:\WINDOWS\System32\ADVAPI32.dll
0x00007fff2b970000 - 0x00007fff2ba0e000 	C:\WINDOWS\System32\msvcrt.dll
0x00007fff2db40000 - 0x00007fff2db9b000 	C:\WINDOWS\System32\sechost.dll
0x00007fff2bb00000 - 0x00007fff2bc24000 	C:\WINDOWS\System32\RPCRT4.dll
0x00007fff2b7e0000 - 0x00007fff2b970000 	C:\WINDOWS\System32\USER32.dll
0x00007fff2b350000 - 0x00007fff2b370000 	C:\WINDOWS\System32\win32u.dll
0x00007fff2bad0000 - 0x00007fff2baf8000 	C:\WINDOWS\System32\GDI32.dll
0x00007fff2b370000 - 0x00007fff2b502000 	C:\WINDOWS\System32\gdi32full.dll
0x00007fff2af40000 - 0x00007fff2afdf000 	C:\WINDOWS\System32\msvcp_win.dll
0x00007fff2b250000 - 0x00007fff2b348000 	C:\WINDOWS\System32\ucrtbase.dll
0x00007fff19650000 - 0x00007fff198b9000 	C:\WINDOWS\WinSxS\amd64_microsoft.windows.common-controls_6595b64144ccf1df_6.0.17134.765_none_fb42a1a930655896\COMCTL32.dll
0x00007fff2dba0000 - 0x00007fff2dec2000 	C:\WINDOWS\System32\combase.dll
0x00007fff2afe0000 - 0x00007fff2b05a000 	C:\WINDOWS\System32\bcryptPrimitives.dll
0x00007fff2c6d0000 - 0x00007fff2c6fd000 	C:\WINDOWS\System32\IMM32.DLL
0x00000000534c0000 - 0x0000000053592000 	C:\Program Files\Java\jdk1.8.0_73\jre\bin\msvcr100.dll
0x00000000537b0000 - 0x0000000054040000 	C:\Program Files\Java\jdk1.8.0_73\jre\bin\server\jvm.dll
0x00007fff2ded0000 - 0x00007fff2ded8000 	C:\WINDOWS\System32\PSAPI.DLL
0x00007fff25be0000 - 0x00007fff25be9000 	C:\WINDOWS\SYSTEM32\WSOCK32.dll
0x00007fff2c4d0000 - 0x00007fff2c53c000 	C:\WINDOWS\System32\WS2_32.dll
0x00007fff1b430000 - 0x00007fff1b43a000 	C:\WINDOWS\SYSTEM32\VERSION.dll
0x00007fff245e0000 - 0x00007fff24603000 	C:\WINDOWS\SYSTEM32\WINMM.dll
0x00007fff24570000 - 0x00007fff2459a000 	C:\WINDOWS\SYSTEM32\WINMMBASE.dll
0x00007fff2b790000 - 0x00007fff2b7d9000 	C:\WINDOWS\System32\cfgmgr32.dll
0x00000000536c0000 - 0x00000000536cf000 	C:\Program Files\Java\jdk1.8.0_73\jre\bin\verify.dll
0x0000000053690000 - 0x00000000536b9000 	C:\Program Files\Java\jdk1.8.0_73\jre\bin\java.dll
0x0000000053480000 - 0x00000000534b5000 	C:\Program Files\Java\jdk1.8.0_73\jre\bin\jdwp.dll
0x0000000053470000 - 0x0000000053478000 	C:\Program Files\Java\jdk1.8.0_73\jre\bin\npt.dll
0x0000000053440000 - 0x0000000053463000 	C:\Program Files\Java\jdk1.8.0_73\jre\bin\instrument.dll
0x0000000053670000 - 0x0000000053686000 	C:\Program Files\Java\jdk1.8.0_73\jre\bin\zip.dll
0x00007fff2c700000 - 0x00007fff2db40000 	C:\WINDOWS\System32\SHELL32.dll
0x00007fff2c1c0000 - 0x00007fff2c269000 	C:\WINDOWS\System32\shcore.dll
0x00007fff2a720000 - 0x00007fff2ae2d000 	C:\WINDOWS\System32\windows.storage.dll
0x00007fff2e120000 - 0x00007fff2e171000 	C:\WINDOWS\System32\shlwapi.dll
0x00007fff2a6e0000 - 0x00007fff2a6f1000 	C:\WINDOWS\System32\kernel.appcore.dll
0x00007fff2a6c0000 - 0x00007fff2a6df000 	C:\WINDOWS\System32\profapi.dll
0x00007fff2a670000 - 0x00007fff2a6bc000 	C:\WINDOWS\System32\powrprof.dll
0x00007fff2a660000 - 0x00007fff2a66a000 	C:\WINDOWS\System32\FLTLIB.DLL
0x0000000053430000 - 0x0000000053439000 	C:\Program Files\Java\jdk1.8.0_73\jre\bin\dt_socket.dll
0x00007fff1c570000 - 0x00007fff1c586000 	C:\WINDOWS\system32\napinsp.dll
0x00007fff1c900000 - 0x00007fff1c91a000 	C:\WINDOWS\system32\pnrpnsp.dll
0x00007fff268d0000 - 0x00007fff268e9000 	C:\WINDOWS\system32\NLAapi.dll
0x00007fff29ee0000 - 0x00007fff29f46000 	C:\WINDOWS\System32\mswsock.dll
0x00007fff29ca0000 - 0x00007fff29d5e000 	C:\WINDOWS\SYSTEM32\DNSAPI.dll
0x00007fff2c540000 - 0x00007fff2c548000 	C:\WINDOWS\System32\NSI.dll
0x00007fff29c60000 - 0x00007fff29c98000 	C:\WINDOWS\SYSTEM32\IPHLPAPI.DLL
0x00007fff25c10000 - 0x00007fff25c1e000 	C:\WINDOWS\System32\winrnr.dll
0x00007fff23590000 - 0x00007fff235a5000 	C:\WINDOWS\System32\wshbth.dll
0x00007fff1e520000 - 0x00007fff1e592000 	C:\WINDOWS\System32\fwpuclnt.dll
0x00007fff2a1c0000 - 0x00007fff2a1e5000 	C:\WINDOWS\SYSTEM32\bcrypt.dll
0x00007fff1e280000 - 0x00007fff1e28a000 	C:\Windows\System32\rasadhlp.dll
0x0000000053650000 - 0x000000005366a000 	C:\Program Files\Java\jdk1.8.0_73\jre\bin\net.dll
0x00007fff21340000 - 0x00007fff21356000 	C:\WINDOWS\SYSTEM32\dhcpcsvc6.DLL
0x00007fff21400000 - 0x00007fff2141a000 	C:\WINDOWS\SYSTEM32\dhcpcsvc.DLL
0x00000000535f0000 - 0x00000000535fd000 	C:\Program Files\Java\jdk1.8.0_73\jre\bin\management.dll
0x0000000053630000 - 0x0000000053641000 	C:\Program Files\Java\jdk1.8.0_73\jre\bin\nio.dll
0x00007fff2a090000 - 0x00007fff2a0a7000 	C:\WINDOWS\SYSTEM32\CRYPTSP.dll
0x00007fff29ac0000 - 0x00007fff29af3000 	C:\WINDOWS\system32\rsaenh.dll
0x00007fff2a560000 - 0x00007fff2a588000 	C:\WINDOWS\SYSTEM32\USERENV.dll
0x00007fff2a0b0000 - 0x00007fff2a0bb000 	C:\WINDOWS\SYSTEM32\CRYPTBASE.dll
0x00007fff16460000 - 0x00007fff16629000 	C:\WINDOWS\SYSTEM32\dbghelp.dll

VM Arguments:
jvm_args: -agentlib:jdwp=transport=dt_socket,suspend=y,address=localhost:56467 -javaagent:E:\OneDrive\01-项目\07-esb\01-software\eclipse\configuration\org.eclipse.osgi\418\0\.cp\lib\javaagent-shaded.jar -Dfile.encoding=UTF-8 
java_command: com.unieap.UnieapCommonApplication
java_class_path (initial): C:\Program Files\Java\jdk1.8.0_73\jre\lib\resources.jar;C:\Program Files\Java\jdk1.8.0_73\jre\lib\rt.jar;C:\Program Files\Java\jdk1.8.0_73\jre\lib\jsse.jar;C:\Program Files\Java\jdk1.8.0_73\jre\lib\jce.jar;C:\Program Files\Java\jdk1.8.0_73\jre\lib\charsets.jar;C:\Program Files\Java\jdk1.8.0_73\jre\lib\jfr.jar;C:\Program Files\Java\jdk1.8.0_73\jre\lib\ext\access-bridge-64.jar;C:\Program Files\Java\jdk1.8.0_73\jre\lib\ext\cldrdata.jar;C:\Program Files\Java\jdk1.8.0_73\jre\lib\ext\dnsns.jar;C:\Program Files\Java\jdk1.8.0_73\jre\lib\ext\jaccess.jar;C:\Program Files\Java\jdk1.8.0_73\jre\lib\ext\jfxrt.jar;C:\Program Files\Java\jdk1.8.0_73\jre\lib\ext\localedata.jar;C:\Program Files\Java\jdk1.8.0_73\jre\lib\ext\nashorn.jar;C:\Program Files\Java\jdk1.8.0_73\jre\lib\ext\sunec.jar;C:\Program Files\Java\jdk1.8.0_73\jre\lib\ext\sunjce_provider.jar;C:\Program Files\Java\jdk1.8.0_73\jre\lib\ext\sunmscapi.jar;C:\Program Files\Java\jdk1.8.0_73\jre\lib\ext\sunpkcs11.jar;C:\Program Files\Java\jdk1.8.0_73\jre\lib\ext\zipfs.jar;E:\OneDrive\04-Workspace\esb\unieap-common\target\classes;C:\Users\Thinkpad\.m2\repository\org\springframework\boot\spring-boot-starter-web\2.0.2.RELEASE\spring-boot-starter-web-2.0.2.RELEASE.jar;C:\Users\Thinkpad\.m2\repository\org\springframework\boot\spring-boot-starter\2.0.2.RELEASE\spring-boot-starter-2.0.2.RELEASE.jar;C:\Users\Thinkpad\.m2\repository\org\springframework\boot\spring-boot-starter-logging\2.0.2.RELEASE\spring-boot-starter-logging-2.0.2.RELEASE.jar;C:\Users\Thinkpad\.m2\repository\ch\qos\logback\logback-classic\1.2.3\logback-classic-1.2.3.jar;C:\Users\Thinkpad\.m2\repository\ch\qos\logback\logback-core\1.2.3\logback-core-1.2.3.jar;C:\Users\Thinkpad\.m2\repository\org\apache\logging\log4j\log4j-to-slf4j\2.10.0\log4j-to-slf4j-2.10.0.jar;C:\Users\Thinkpad\.m2\repository\org\apache\logging\log4j\log4j-api\2.10.0\log4j-api-2.10.0.jar;C:\Users\Thinkpad\.m2\repository\org\slf4j\jul-to-slf4j\1.7.25\jul-to-slf4j-1.7.25.jar;
Launcher Type: SUN_STANDARD

Environment Variables:
JAVA_HOME=C:\Program Files\Java\jdk1.8.0_73
CLASSPATH=.;C:\Program Files\Java\jdk1.8.0_73\lib\dt.jar;C:\Program Files\Java\jdk1.8.0_73\lib\tools.jar;
PATH=C:/Program Files/Java/jdk1.8.0_73/bin/../jre/bin/server;C:/Program Files/Java/jdk1.8.0_73/bin/../jre/bin;C:/Program Files/Java/jdk1.8.0_73/bin/../jre/lib/amd64;";C:\Program Files\Java\jdk1.8.0_73\bin;C:\Program Files\Java\jdk1.8.0_73\jre\bin;";C:\ProgramData\Oracle\Java\javapath;C:\WINDOWS\system32;C:\WINDOWS;C:\WINDOWS\System32\Wbem;C:\WINDOWS\System32\WindowsPowerShell\v1.0\;C:\WINDOWS\System32\OpenSSH\;C:\Users\Thinkpad\AppData\Local\Microsoft\WindowsApps;;C:\Users\Thinkpad\AppData\Local\Programs\Fiddler;E:\OneDrive\01-项目\07-esb\01-software\eclipse;
USERNAME=Chai
OS=Windows_NT
PROCESSOR_IDENTIFIER=Intel64 Family 6 Model 61 Stepping 4, GenuineIntel



---------------  S Y S T E M  ---------------

OS: Windows 10.0 , 64 bit Build 17134 (10.0.17134.753)

CPU:total 4 (2 cores per cpu, 2 threads per core) family 6 model 61 stepping 4, cmov, cx8, fxsr, mmx, sse, sse2, sse3, ssse3, sse4.1, sse4.2, popcnt, avx, avx2, clmul, erms, rtm, 3dnowpref, lzcnt, ht, tsc, tscinvbit, bmi1, bmi2, adx

Memory: 4k page, physical 8077284k(1480836k free), swap 16203748k(4503980k free)

vm_info: Java HotSpot(TM) 64-Bit Server VM (25.73-b02) for windows-amd64 JRE (1.8.0_73-b02), built on Jan 29 2016 17:38:49 by "java_re" with MS VC++ 10.0 (VS2010)

time: Sun May 26 04:16:21 2019
elapsed time: 1312 seconds (0d 0h 21m 52s)

